#
# There is insufficient memory for the Java Runtime Environment to continue.
# Native memory allocation (malloc) failed to allocate 713880 bytes. Error detail: Chunk::new
# Possible reasons:
#   The system is out of physical RAM or swap space
#   This process is running with CompressedOops enabled, and the Java Heap may be blocking the growth of the native heap
# Possible solutions:
#   Reduce memory load on the system
#   Increase physical memory or swap space
#   Check if swap backing store is full
#   Decrease Java heap size (-Xmx/-Xms)
#   Decrease number of Java threads
#   Decrease Java thread stack sizes (-Xss)
#   Set larger code cache with -XX:ReservedCodeCacheSize=
#   JVM is running with Unscaled Compressed Oops mode in which the Java heap is
#     placed in the first 4GB address space. The Java Heap base address is the
#     maximum limit for the native heap growth. Please use -XX:HeapBaseMinAddress
#     to set the Java Heap base and to place the Java Heap above 4GB virtual address.
# This output file may be truncated or incomplete.
#
#  Out of Memory Error (arena.cpp:186), pid=30628, tid=36060
#
# JRE version: Java(TM) SE Runtime Environment (25.0.2+10) (build 25.0.2+10-LTS-69)
# Java VM: Java HotSpot(TM) 64-Bit Server VM (25.0.2+10-LTS-69, mixed mode, sharing, tiered, compressed oops, compressed class ptrs, g1 gc, windows-amd64)
# No core dump will be written. Minidumps are not enabled by default on client versions of Windows
#

---------------  S U M M A R Y ------------

Command Line: -Xmx64m -Xms64m -Dorg.gradle.appname=gradlew D:\Code\DoAn\DATN\jPOS\\gradle\wrapper\gradle-wrapper.jar -p jpos installApp

Host: AMD Ryzen 7 6800H with Radeon Graphics         , 16 cores, 15G,  Windows 11 , 64 bit Build 26100 (10.0.26100.8328)
Time: Sun May 10 11:00:47 2026 SE Asia Standard Time elapsed time: 0.244900 seconds (0d 0h 0m 0s)

---------------  T H R E A D  ---------------

Current thread (0x000001cde9fac9c0):  JavaThread "C2 CompilerThread0" daemon [_thread_in_native, id=36060, stack(0x00000072ee800000,0x00000072ee900000) (1024K)]


Current CompileTask:
C2:244  346 %     4       java.lang.StringUTF16::compress @ 3 (47 bytes)

Stack: [0x00000072ee800000,0x00000072ee900000]
Native frames: (J=compiled Java code, j=interpreted, Vv=VM code, C=native code)
V  [jvm.dll+0x7a70f9]  (no source info available)
V  [jvm.dll+0x772d6d]  (no source info available)
V  [jvm.dll+0x965d53]  (no source info available)
V  [jvm.dll+0x968351]  (no source info available)
V  [jvm.dll+0x968a63]  (no source info available)
V  [jvm.dll+0x2fc846]  (no source info available)
V  [jvm.dll+0x111b16]  (no source info available)
V  [jvm.dll+0x111e3e]  (no source info available)
V  [jvm.dll+0x1a0872]  (no source info available)
V  [jvm.dll+0x3b54c2]  (no source info available)
V  [jvm.dll+0x7aca8f]  (no source info available)
V  [jvm.dll+0x2c0b97]  (no source info available)
V  [jvm.dll+0x2bfb5f]  (no source info available)
V  [jvm.dll+0x2379a0]  (no source info available)
V  [jvm.dll+0x2cfc86]  (no source info available)
V  [jvm.dll+0x2cdf05]  (no source info available)
V  [jvm.dll+0x48e9d1]  (no source info available)
V  [jvm.dll+0x906fcd]  (no source info available)
V  [jvm.dll+0x7a56d5]  (no source info available)
C  [ucrtbase.dll+0x37b0]  (no source info available)
C  [KERNEL32.DLL+0x2e957]  (no source info available)
C  [ntdll.dll+0x427c]  (no source info available)

Lock stack of current Java thread (top to bottom):


---------------  P R O C E S S  ---------------

Threads class SMR info:
_java_thread_list=0x000001cdea386dc0, length=13, elements={
0x000001cdccac3df0, 0x000001cde9f8b940, 0x000001cde9f8c250, 0x000001cde9f903f0,
0x000001cde9f90fb0, 0x000001cde9f93b80, 0x000001cde9f97210, 0x000001cde9fac9c0,
0x000001cde9fd5210, 0x000001cde9f99920, 0x000001cde9f96a40, 0x000001cdea085100,
0x000001cdea085910
}

Java Threads: ( => current thread )
  0x000001cdccac3df0 JavaThread "main"                              [_thread_in_native, id=35920, stack(0x00000072eda00000,0x00000072edb00000) (1024K)]
  0x000001cde9f8b940 JavaThread "Reference Handler"          daemon [_thread_blocked, id=36036, stack(0x00000072ee200000,0x00000072ee300000) (1024K)]
  0x000001cde9f8c250 JavaThread "Finalizer"                  daemon [_thread_blocked, id=36040, stack(0x00000072ee300000,0x00000072ee400000) (1024K)]
  0x000001cde9f903f0 JavaThread "Signal Dispatcher"          daemon [_thread_blocked, id=36044, stack(0x00000072ee400000,0x00000072ee500000) (1024K)]
  0x000001cde9f90fb0 JavaThread "Attach Listener"            daemon [_thread_blocked, id=36048, stack(0x00000072ee500000,0x00000072ee600000) (1024K)]
  0x000001cde9f93b80 JavaThread "Service Thread"             daemon [_thread_blocked, id=36052, stack(0x00000072ee600000,0x00000072ee700000) (1024K)]
  0x000001cde9f97210 JavaThread "Monitor Deflation Thread"   daemon [_thread_blocked, id=36056, stack(0x00000072ee700000,0x00000072ee800000) (1024K)]
=>0x000001cde9fac9c0 JavaThread "C2 CompilerThread0"         daemon [_thread_in_native, id=36060, stack(0x00000072ee800000,0x00000072ee900000) (1024K)]
  0x000001cde9fd5210 JavaThread "C1 CompilerThread0"         daemon [_thread_blocked, id=36064, stack(0x00000072ee900000,0x00000072eea00000) (1024K)]
  0x000001cde9f99920 JavaThread "Notification Thread"        daemon [_thread_blocked, id=36080, stack(0x00000072eea00000,0x00000072eeb00000) (1024K)]
  0x000001cde9f96a40 JavaThread "Common-Cleaner"             daemon [_thread_blocked, id=36084, stack(0x00000072eeb00000,0x00000072eec00000) (1024K)]
  0x000001cdea085100 JavaThread "C1 CompilerThread1"         daemon [_thread_blocked, id=36228, stack(0x00000072eec00000,0x00000072eed00000) (1024K)]
  0x000001cdea085910 JavaThread "C2 CompilerThread1"         daemon [_thread_in_native, id=36308, stack(0x00000072eed00000,0x00000072eee00000) (1024K)]
Total: 13

Other Threads:
  0x000001cdceefc520 VMThread "VM Thread"                           [id=36024, stack(0x00000072ee100000,0x00000072ee200000) (1024K)]
  0x000001cde9f7ce20 WatcherThread "VM Periodic Task Thread"        [id=36020, stack(0x00000072ee000000,0x00000072ee100000) (1024K)]
  0x000001cdcee648c0 WorkerThread "GC Thread#0"                     [id=35976, stack(0x00000072edb00000,0x00000072edc00000) (1024K)]
  0x000001cdcee66590 ConcurrentGCThread "G1 Main Marker"            [id=35980, stack(0x00000072edc00000,0x00000072edd00000) (1024K)]
  0x000001cdcee69f30 WorkerThread "G1 Conc#0"                       [id=35984, stack(0x00000072edd00000,0x00000072ede00000) (1024K)]
  0x000001cdceecebf0 ConcurrentGCThread "G1 Refine#0"               [id=35988, stack(0x00000072ede00000,0x00000072edf00000) (1024K)]
  0x000001cdceecf600 ConcurrentGCThread "G1 Service"                [id=35992, stack(0x00000072edf00000,0x00000072ee000000) (1024K)]
Total: 7

Threads with active compile tasks:
C2 CompilerThread0  291  346 %     4       java.lang.StringUTF16::compress @ 3 (47 bytes)
C2 CompilerThread1  291  440       4       java.lang.StringLatin1::inflate (34 bytes)
Total: 2

VM state: not at safepoint (normal execution)

VM Mutex/Monitor currently owned by a thread: None

Heap address: 0x00000000fc000000, size: 64 MB, Compressed Oops mode: 32-bit

CDS archive(s) mapped at: [0x0000000018000000-0x0000000018dd0000-0x0000000018dd0000), size 14483456, SharedBaseAddress: 0x0000000018000000, ArchiveRelocationMode: 1.
Compressed class space mapped at: 0x0000000019000000-0x0000000059000000, reserved size: 1073741824
UseCompressedClassPointers 1, UseCompactObjectHeaders 0
Narrow klass pointer bits 32, Max shift 3
Narrow klass base: 0x0000000018000000, Narrow klass shift: 0
Encoding Range: [0x0000000018000000 - 0x0000000118000000), (4294967296 bytes)
Klass Range:    [0x0000000018010000 - 0x0000000059000000), (1090453504 bytes)
Klass ID Range:  [65536 - 1090519033) (1090453497)
Protection zone: [0x0000000018000000 - 0x0000000018010000), (65536 bytes)

GC Precious Log:
 CardTable entry size: 512
 Card Set container configuration: InlinePtr #cards 5 size 8 Array Of Cards #cards 10 size 36 Howl #buckets 4 coarsen threshold 1843 Howl Bitmap #cards 512 size 80 coarsen threshold 460 Card regions per heap region 1 cards per card region 2048
 CPUs: 16 total, 16 available
 Memory: 15613M
 Large Page Support: Disabled
 NUMA Support: Disabled
 Compressed Oops: Enabled (32-bit)
 Heap Region Size: 1M
 Heap Min Capacity: 64M
 Heap Initial Capacity: 64M
 Heap Max Capacity: 64M
 Pre-touch: Disabled
 Parallel Workers: 13
 Concurrent Workers: 3
 Concurrent Refinement Workers: 13
 Periodic GC: Disabled

Heap:
 garbage-first heap   total reserved 65536K, committed 65536K, used 7317K [0x00000000fc000000, 0x0000000100000000)
  region size 1024K, 7 young (7168K), 0 survivors (0K)

Heap Regions: E=young(eden), S=young(survivor), O=old, HS=humongous(starts), HC=humongous(continues), CS=collection set, F=free, TAMS=top-at-mark-start, PB=parsable bottom
|   0|0x00000000fc000000, 0x00000000fc000000, 0x00000000fc100000|  0%| F|  |TAMS 0x00000000fc000000| PB 0x00000000fc000000| Untracked |  0
|   1|0x00000000fc100000, 0x00000000fc100000, 0x00000000fc200000|  0%| F|  |TAMS 0x00000000fc100000| PB 0x00000000fc100000| Untracked |  0
|   2|0x00000000fc200000, 0x00000000fc200000, 0x00000000fc300000|  0%| F|  |TAMS 0x00000000fc200000| PB 0x00000000fc200000| Untracked |  0
|   3|0x00000000fc300000, 0x00000000fc300000, 0x00000000fc400000|  0%| F|  |TAMS 0x00000000fc300000| PB 0x00000000fc300000| Untracked |  0
|   4|0x00000000fc400000, 0x00000000fc400000, 0x00000000fc500000|  0%| F|  |TAMS 0x00000000fc400000| PB 0x00000000fc400000| Untracked |  0
|   5|0x00000000fc500000, 0x00000000fc500000, 0x00000000fc600000|  0%| F|  |TAMS 0x00000000fc500000| PB 0x00000000fc500000| Untracked |  0
|   6|0x00000000fc600000, 0x00000000fc600000, 0x00000000fc700000|  0%| F|  |TAMS 0x00000000fc600000| PB 0x00000000fc600000| Untracked |  0
|   7|0x00000000fc700000, 0x00000000fc700000, 0x00000000fc800000|  0%| F|  |TAMS 0x00000000fc700000| PB 0x00000000fc700000| Untracked |  0
|   8|0x00000000fc800000, 0x00000000fc800000, 0x00000000fc900000|  0%| F|  |TAMS 0x00000000fc800000| PB 0x00000000fc800000| Untracked |  0
|   9|0x00000000fc900000, 0x00000000fc900000, 0x00000000fca00000|  0%| F|  |TAMS 0x00000000fc900000| PB 0x00000000fc900000| Untracked |  0
|  10|0x00000000fca00000, 0x00000000fca00000, 0x00000000fcb00000|  0%| F|  |TAMS 0x00000000fca00000| PB 0x00000000fca00000| Untracked |  0
|  11|0x00000000fcb00000, 0x00000000fcb00000, 0x00000000fcc00000|  0%| F|  |TAMS 0x00000000fcb00000| PB 0x00000000fcb00000| Untracked |  0
|  12|0x00000000fcc00000, 0x00000000fcc00000, 0x00000000fcd00000|  0%| F|  |TAMS 0x00000000fcc00000| PB 0x00000000fcc00000| Untracked |  0
|  13|0x00000000fcd00000, 0x00000000fcd00000, 0x00000000fce00000|  0%| F|  |TAMS 0x00000000fcd00000| PB 0x00000000fcd00000| Untracked |  0
|  14|0x00000000fce00000, 0x00000000fce00000, 0x00000000fcf00000|  0%| F|  |TAMS 0x00000000fce00000| PB 0x00000000fce00000| Untracked |  0
|  15|0x00000000fcf00000, 0x00000000fcf00000, 0x00000000fd000000|  0%| F|  |TAMS 0x00000000fcf00000| PB 0x00000000fcf00000| Untracked |  0
|  16|0x00000000fd000000, 0x00000000fd000000, 0x00000000fd100000|  0%| F|  |TAMS 0x00000000fd000000| PB 0x00000000fd000000| Untracked |  0
|  17|0x00000000fd100000, 0x00000000fd100000, 0x00000000fd200000|  0%| F|  |TAMS 0x00000000fd100000| PB 0x00000000fd100000| Untracked |  0
|  18|0x00000000fd200000, 0x00000000fd200000, 0x00000000fd300000|  0%| F|  |TAMS 0x00000000fd200000| PB 0x00000000fd200000| Untracked |  0
|  19|0x00000000fd300000, 0x00000000fd300000, 0x00000000fd400000|  0%| F|  |TAMS 0x00000000fd300000| PB 0x00000000fd300000| Untracked |  0
|  20|0x00000000fd400000, 0x00000000fd400000, 0x00000000fd500000|  0%| F|  |TAMS 0x00000000fd400000| PB 0x00000000fd400000| Untracked |  0
|  21|0x00000000fd500000, 0x00000000fd500000, 0x00000000fd600000|  0%| F|  |TAMS 0x00000000fd500000| PB 0x00000000fd500000| Untracked |  0
|  22|0x00000000fd600000, 0x00000000fd600000, 0x00000000fd700000|  0%| F|  |TAMS 0x00000000fd600000| PB 0x00000000fd600000| Untracked |  0
|  23|0x00000000fd700000, 0x00000000fd700000, 0x00000000fd800000|  0%| F|  |TAMS 0x00000000fd700000| PB 0x00000000fd700000| Untracked |  0
|  24|0x00000000fd800000, 0x00000000fd800000, 0x00000000fd900000|  0%| F|  |TAMS 0x00000000fd800000| PB 0x00000000fd800000| Untracked |  0
|  25|0x00000000fd900000, 0x00000000fd900000, 0x00000000fda00000|  0%| F|  |TAMS 0x00000000fd900000| PB 0x00000000fd900000| Untracked |  0
|  26|0x00000000fda00000, 0x00000000fda00000, 0x00000000fdb00000|  0%| F|  |TAMS 0x00000000fda00000| PB 0x00000000fda00000| Untracked |  0
|  27|0x00000000fdb00000, 0x00000000fdb00000, 0x00000000fdc00000|  0%| F|  |TAMS 0x00000000fdb00000| PB 0x00000000fdb00000| Untracked |  0
|  28|0x00000000fdc00000, 0x00000000fdc00000, 0x00000000fdd00000|  0%| F|  |TAMS 0x00000000fdc00000| PB 0x00000000fdc00000| Untracked |  0
|  29|0x00000000fdd00000, 0x00000000fdd00000, 0x00000000fde00000|  0%| F|  |TAMS 0x00000000fdd00000| PB 0x00000000fdd00000| Untracked |  0
|  30|0x00000000fde00000, 0x00000000fde00000, 0x00000000fdf00000|  0%| F|  |TAMS 0x00000000fde00000| PB 0x00000000fde00000| Untracked |  0
|  31|0x00000000fdf00000, 0x00000000fdf00000, 0x00000000fe000000|  0%| F|  |TAMS 0x00000000fdf00000| PB 0x00000000fdf00000| Untracked |  0
|  32|0x00000000fe000000, 0x00000000fe000000, 0x00000000fe100000|  0%| F|  |TAMS 0x00000000fe000000| PB 0x00000000fe000000| Untracked |  0
|  33|0x00000000fe100000, 0x00000000fe100000, 0x00000000fe200000|  0%| F|  |TAMS 0x00000000fe100000| PB 0x00000000fe100000| Untracked |  0
|  34|0x00000000fe200000, 0x00000000fe200000, 0x00000000fe300000|  0%| F|  |TAMS 0x00000000fe200000| PB 0x00000000fe200000| Untracked |  0
|  35|0x00000000fe300000, 0x00000000fe300000, 0x00000000fe400000|  0%| F|  |TAMS 0x00000000fe300000| PB 0x00000000fe300000| Untracked |  0
|  36|0x00000000fe400000, 0x00000000fe400000, 0x00000000fe500000|  0%| F|  |TAMS 0x00000000fe400000| PB 0x00000000fe400000| Untracked |  0
|  37|0x00000000fe500000, 0x00000000fe500000, 0x00000000fe600000|  0%| F|  |TAMS 0x00000000fe500000| PB 0x00000000fe500000| Untracked |  0
|  38|0x00000000fe600000, 0x00000000fe600000, 0x00000000fe700000|  0%| F|  |TAMS 0x00000000fe600000| PB 0x00000000fe600000| Untracked |  0
|  39|0x00000000fe700000, 0x00000000fe700000, 0x00000000fe800000|  0%| F|  |TAMS 0x00000000fe700000| PB 0x00000000fe700000| Untracked |  0
|  40|0x00000000fe800000, 0x00000000fe800000, 0x00000000fe900000|  0%| F|  |TAMS 0x00000000fe800000| PB 0x00000000fe800000| Untracked |  0
|  41|0x00000000fe900000, 0x00000000fe900000, 0x00000000fea00000|  0%| F|  |TAMS 0x00000000fe900000| PB 0x00000000fe900000| Untracked |  0
|  42|0x00000000fea00000, 0x00000000fea00000, 0x00000000feb00000|  0%| F|  |TAMS 0x00000000fea00000| PB 0x00000000fea00000| Untracked |  0
|  43|0x00000000feb00000, 0x00000000feb00000, 0x00000000fec00000|  0%| F|  |TAMS 0x00000000feb00000| PB 0x00000000feb00000| Untracked |  0
|  44|0x00000000fec00000, 0x00000000fec00000, 0x00000000fed00000|  0%| F|  |TAMS 0x00000000fec00000| PB 0x00000000fec00000| Untracked |  0
|  45|0x00000000fed00000, 0x00000000fed00000, 0x00000000fee00000|  0%| F|  |TAMS 0x00000000fed00000| PB 0x00000000fed00000| Untracked |  0
|  46|0x00000000fee00000, 0x00000000fee00000, 0x00000000fef00000|  0%| F|  |TAMS 0x00000000fee00000| PB 0x00000000fee00000| Untracked |  0
|  47|0x00000000fef00000, 0x00000000fef00000, 0x00000000ff000000|  0%| F|  |TAMS 0x00000000fef00000| PB 0x00000000fef00000| Untracked |  0
|  48|0x00000000ff000000, 0x00000000ff000000, 0x00000000ff100000|  0%| F|  |TAMS 0x00000000ff000000| PB 0x00000000ff000000| Untracked |  0
|  49|0x00000000ff100000, 0x00000000ff100000, 0x00000000ff200000|  0%| F|  |TAMS 0x00000000ff100000| PB 0x00000000ff100000| Untracked |  0
|  50|0x00000000ff200000, 0x00000000ff200000, 0x00000000ff300000|  0%| F|  |TAMS 0x00000000ff200000| PB 0x00000000ff200000| Untracked |  0
|  51|0x00000000ff300000, 0x00000000ff300000, 0x00000000ff400000|  0%| F|  |TAMS 0x00000000ff300000| PB 0x00000000ff300000| Untracked |  0
|  52|0x00000000ff400000, 0x00000000ff400000, 0x00000000ff500000|  0%| F|  |TAMS 0x00000000ff400000| PB 0x00000000ff400000| Untracked |  0
|  53|0x00000000ff500000, 0x00000000ff500000, 0x00000000ff600000|  0%| F|  |TAMS 0x00000000ff500000| PB 0x00000000ff500000| Untracked |  0
|  54|0x00000000ff600000, 0x00000000ff600000, 0x00000000ff700000|  0%| F|  |TAMS 0x00000000ff600000| PB 0x00000000ff600000| Untracked |  0
|  55|0x00000000ff700000, 0x00000000ff780000, 0x00000000ff800000| 50%| E|  |TAMS 0x00000000ff700000| PB 0x00000000ff700000| Complete |  0
|  56|0x00000000ff800000, 0x00000000ff900000, 0x00000000ff900000|100%| E|CS|TAMS 0x00000000ff800000| PB 0x00000000ff800000| Complete |  0
|  57|0x00000000ff900000, 0x00000000ffa00000, 0x00000000ffa00000|100%| E|CS|TAMS 0x00000000ff900000| PB 0x00000000ff900000| Complete |  0
|  58|0x00000000ffa00000, 0x00000000ffb00000, 0x00000000ffb00000|100%| E|CS|TAMS 0x00000000ffa00000| PB 0x00000000ffa00000| Complete |  0
|  59|0x00000000ffb00000, 0x00000000ffc00000, 0x00000000ffc00000|100%| E|CS|TAMS 0x00000000ffb00000| PB 0x00000000ffb00000| Complete |  0
|  60|0x00000000ffc00000, 0x00000000ffd00000, 0x00000000ffd00000|100%| E|CS|TAMS 0x00000000ffc00000| PB 0x00000000ffc00000| Complete |  0
|  61|0x00000000ffd00000, 0x00000000ffe00000, 0x00000000ffe00000|100%| E|CS|TAMS 0x00000000ffd00000| PB 0x00000000ffd00000| Complete |  0
|  62|0x00000000ffe00000, 0x00000000fff00000, 0x00000000fff00000|100%| O|  |TAMS 0x00000000ffe00000| PB 0x00000000ffe00000| Untracked |  0
|  63|0x00000000fff00000, 0x00000000fff257b8, 0x0000000100000000| 14%| O|  |TAMS 0x00000000fff00000| PB 0x00000000fff00000| Untracked |  0

Card table byte_map: [0x000001cdced50000,0x000001cdced70000] _byte_map_base: 0x000001cdce570000

Marking Bits: (CMBitMap*) 0x000001cdcee65050
 Bits: [0x000001cde6f80000, 0x000001cde7080000)

Polling page: 0x000001cdcce00000

Metaspace:
Metaspace        used 1351K, committed 1536K, reserved 1114112K
 class space     used 123K, committed 192K, reserved 1048576K

Usage:
  Non-class:      1.20 MB used.
      Class:    123.85 KB used.
       Both:      1.32 MB used.

Virtual space:
  Non-class space:       64.00 MB reserved,       1.31 MB (  2%) committed,  1 nodes.
      Class space:        1.00 GB reserved,     192.00 KB ( <1%) committed,  1 nodes.
             Both:        1.06 GB reserved,       1.50 MB ( <1%) committed. 

Chunk freelists:
   Non-Class:  11.73 MB
       Class:  15.69 MB
        Both:  27.42 MB

MaxMetaspaceSize: unlimited
CompressedClassSpaceSize: 1.00 GB
Initial GC threshold: 21.00 MB
Current GC threshold: 21.00 MB
CDS: on
 - commit_granule_bytes: 65536.
 - commit_granule_words: 8192.
 - virtual_space_node_default_size: 8388608.
 - enlarge_chunks_in_place: 1.
UseCompressedClassPointers 1, UseCompactObjectHeaders 0
Narrow klass pointer bits 32, Max shift 3
Narrow klass base: 0x0000000018000000, Narrow klass shift: 0
Encoding Range: [0x0000000018000000 - 0x0000000118000000), (4294967296 bytes)
Klass Range:    [0x0000000018010000 - 0x0000000059000000), (1090453504 bytes)
Klass ID Range:  [65536 - 1090519033) (1090453497)
Protection zone: [0x0000000018000000 - 0x0000000018010000), (65536 bytes)


Internal statistics:

num_allocs_failed_limit: 0.
num_arena_births: 22.
num_arena_deaths: 0.
num_vsnodes_births: 2.
num_vsnodes_deaths: 0.
num_space_committed: 24.
num_space_uncommitted: 0.
num_chunks_returned_to_freelist: 0.
num_chunks_taken_from_freelist: 43.
num_chunk_merges: 0.
num_chunk_splits: 27.
num_chunks_enlarged: 22.
num_inconsistent_stats: 0.

CodeHeap 'non-profiled nmethods': size=119232Kb used=100Kb max_used=100Kb free=119131Kb
 bounds [0x000001cddf260000, 0x000001cddf4d0000, 0x000001cde66d0000]
CodeHeap 'profiled nmethods': size=119104Kb used=545Kb max_used=545Kb free=118558Kb
 bounds [0x000001cdd76d0000, 0x000001cdd7940000, 0x000001cddeb20000]
CodeHeap 'non-nmethods': size=7424Kb used=1870Kb max_used=1884Kb free=5554Kb
 bounds [0x000001cddeb20000, 0x000001cdded90000, 0x000001cddf260000]
CodeCache: size=245760Kb, used=2515Kb, max_used=2529Kb, free=243243Kb
 total_blobs=870, nmethods=440, adapters=332, full_count=0
Compilation: enabled, stopped_count=0, restarted_count=0

Compilation events (20 events):
Event: 0.206 Thread 0x000001cdea085100 nmethod 336 0x000001cdd7733388 code [0x000001cdd7733480, 0x000001cdd7733718]
Event: 0.214 Thread 0x000001cdea085100  337       3       java.lang.String::contains (19 bytes)
Event: 0.214 Thread 0x000001cdea085100 nmethod 337 0x000001cdd7733788 code [0x000001cdd7733880, 0x000001cdd7733b58]
Event: 0.217 Thread 0x000001cdea085100  338       3       java.io.WinNTFileSystem::getFileForWin32Calls (18 bytes)
Event: 0.217 Thread 0x000001cdea085100 nmethod 338 0x000001cdd7733b88 code [0x000001cdd7733c80, 0x000001cdd7734010]
Event: 0.219 Thread 0x000001cdea085100  339       3       java.io.FileSystem::hasBooleanAttributes (17 bytes)
Event: 0.219 Thread 0x000001cde9fd5210  340       3       java.io.WinNTFileSystem::getBooleanAttributes (10 bytes)
Event: 0.219 Thread 0x000001cde9fd5210 nmethod 340 0x000001cdd7734088 code [0x000001cdd7734180, 0x000001cdd7734568]
Event: 0.219 Thread 0x000001cdea085100 nmethod 339 0x000001cdd7734588 code [0x000001cdd7734680, 0x000001cdd7734b30]
Event: 0.224 Thread 0x000001cdea085100  341       3       java.io.WinNTFileSystem::resolve (349 bytes)
Event: 0.224 Thread 0x000001cde9fd5210  342       3       java.lang.String::<init> (10 bytes)
Event: 0.224 Thread 0x000001cde9fd5210 nmethod 342 0x000001cdd7734b88 code [0x000001cdd7734c80, 0x000001cdd7734dd0]
Event: 0.226 Thread 0x000001cdea085100 nmethod 341 0x000001cdd7734e88 code [0x000001cdd7734f80, 0x000001cdd7738808]
Event: 0.228 Thread 0x000001cdea085100  343       3       java.io.File::isDirectory (18 bytes)
Event: 0.228 Thread 0x000001cdea085100 nmethod 343 0x000001cdd7738888 code [0x000001cdd7738980, 0x000001cdd7739028]
Event: 0.229 Thread 0x000001cdea085100  344       3       java.io.File::<init> (78 bytes)
Event: 0.229 Thread 0x000001cdea085100 nmethod 344 0x000001cdd7739088 code [0x000001cdd7739180, 0x000001cdd7739410]
Event: 0.231 Thread 0x000001cde9fd5210  345       3       org.gradle.internal.installation.GradleInstallation$1::accept (5 bytes)
Event: 0.232 Thread 0x000001cde9fd5210 nmethod 345 0x000001cdd7739488 code [0x000001cdd7739580, 0x000001cdd7739c70]
Event: 0.239 Thread 0x000001cde9fac9c0  346 %     4       java.lang.StringUTF16::compress @ 3 (47 bytes)

GC Heap Usage History (0 events):
No events

Metaspace Usage History (0 events):
No events

Dll operation events (4 events):
Event: 0.012 Loaded shared library C:\Program Files\Java\jdk-25.0.2\bin\java.dll
Event: 0.053 Loaded shared library C:\Program Files\Java\jdk-25.0.2\bin\net.dll
Event: 0.054 Loaded shared library C:\Program Files\Java\jdk-25.0.2\bin\nio.dll
Event: 0.057 Loaded shared library C:\Program Files\Java\jdk-25.0.2\bin\zip.dll

Deoptimization events (0 events):
No events

Classes loaded (20 events):
Event: 0.114 Loading class sun/nio/ch/FileKey
Event: 0.114 Loading class sun/nio/ch/FileKey done
Event: 0.114 Loading class sun/nio/ch/FileLockTable$FileLockReference
Event: 0.114 Loading class sun/nio/ch/FileLockTable$FileLockReference done
Event: 0.157 Loading class java/util/StringTokenizer
Event: 0.157 Loading class java/util/StringTokenizer done
Event: 0.159 Loading class java/util/jar/JarFile$ThreadTrackHolder
Event: 0.159 Loading class java/util/jar/JarFile$ThreadTrackHolder done
Event: 0.159 Loading class jdk/internal/misc/ThreadTracker
Event: 0.159 Loading class jdk/internal/misc/ThreadTracker done
Event: 0.159 Loading class jdk/internal/misc/ThreadTracker$ThreadRef
Event: 0.159 Loading class jdk/internal/misc/ThreadTracker$ThreadRef done
Event: 0.159 Loading class sun/security/util/ManifestEntryVerifier
Event: 0.159 Loading class sun/security/util/ManifestEntryVerifier done
Event: 0.178 Loading class java/io/UncheckedIOException
Event: 0.179 Loading class java/io/UncheckedIOException done
Event: 0.186 Loading class java/net/MalformedURLException
Event: 0.186 Loading class java/net/MalformedURLException done
Event: 0.187 Loading class java/io/FileFilter
Event: 0.187 Loading class java/io/FileFilter done

Classes unloaded (0 events):
No events

Classes redefined (0 events):
No events

Internal exceptions (4 events):
Event: 0.091 Thread 0x000001cdccac3df0 Exception <a 'java/lang/NoSuchMethodError'{0x00000000ffca91a0}: 'java.lang.Object java.lang.invoke.DirectMethodHandle$Holder.invokeStaticInit(java.lang.Object)'> (0x00000000ffca91a0) 
thrown [s\open\src\hotspot\share\interpreter\linkResolver.cpp, line 804]
Event: 0.160 Thread 0x000001cdccac3df0 Exception <a 'java/lang/NoSuchMethodError'{0x00000000ffa42d10}: 'void java.lang.invoke.DirectMethodHandle$Holder.invokeStatic(java.lang.Object, java.lang.Object)'> (0x00000000ffa42d10) 
thrown [s\open\src\hotspot\share\interpreter\linkResolver.cpp, line 804]
Event: 0.161 Thread 0x000001cdccac3df0 Exception <a 'java/lang/NoSuchMethodError'{0x00000000ffa4b1a0}: 'void java.lang.invoke.DirectMethodHandle$Holder.invokeSpecial(java.lang.Object, java.lang.Object, java.lang.Object)'> (0x00000000ffa4b1a0) 
thrown [s\open\src\hotspot\share\interpreter\linkResolver.cpp, line 804]
Event: 0.180 Thread 0x000001cdccac3df0 Exception <a 'java/lang/NoSuchMethodError'{0x00000000ffaaec50}: 'int java.lang.invoke.DirectMethodHandle$Holder.invokeStaticInit(java.lang.Object, java.lang.Object)'> (0x00000000ffaaec50) 
thrown [s\open\src\hotspot\share\interpreter\linkResolver.cpp, line 804]

VM Operations (0 events):
No events

Memory protections (0 events):
No events

Nmethod flushes (0 events):
No events

Events (12 events):
Event: 0.029 Thread 0x000001cdccac3df0 Thread added: 0x000001cdccac3df0
Event: 0.040 Thread 0x000001cdccac3df0 Thread added: 0x000001cde9f8b940
Event: 0.040 Thread 0x000001cdccac3df0 Thread added: 0x000001cde9f8c250
Event: 0.041 Thread 0x000001cdccac3df0 Thread added: 0x000001cde9f903f0
Event: 0.041 Thread 0x000001cdccac3df0 Thread added: 0x000001cde9f90fb0
Event: 0.041 Thread 0x000001cdccac3df0 Thread added: 0x000001cde9f93b80
Event: 0.041 Thread 0x000001cdccac3df0 Thread added: 0x000001cde9f97210
Event: 0.041 Thread 0x000001cdccac3df0 Thread added: 0x000001cde9fac9c0
Event: 0.041 Thread 0x000001cdccac3df0 Thread added: 0x000001cde9fd5210
Event: 0.044 Thread 0x000001cdccac3df0 Thread added: 0x000001cde9f99920
Event: 0.049 Thread 0x000001cdccac3df0 Thread added: 0x000001cde9f96a40
Event: 0.106 Thread 0x000001cde9fac9c0 Thread added: 0x000001cdea085100


Dynamic libraries:
0x00007ff6e38d0000 - 0x00007ff6e38e0000 	C:\Program Files\Java\jdk-25.0.2\bin\java.exe
0x00007ffc1b1e0000 - 0x00007ffc1b447000 	C:\WINDOWS\SYSTEM32\ntdll.dll
0x00007ffc1b030000 - 0x00007ffc1b0f9000 	C:\WINDOWS\System32\KERNEL32.DLL
0x00007ffc17d40000 - 0x00007ffc18137000 	C:\WINDOWS\System32\KERNELBASE.dll
0x00007ffc182c0000 - 0x00007ffc1840b000 	C:\WINDOWS\System32\ucrtbase.dll
0x00007ffbfdb70000 - 0x00007ffbfdb87000 	C:\Program Files\Java\jdk-25.0.2\bin\jli.dll
0x00007ffbea200000 - 0x00007ffbea21e000 	C:\Program Files\Java\jdk-25.0.2\bin\VCRUNTIME140.dll
0x00007ffc19990000 - 0x00007ffc19b56000 	C:\WINDOWS\System32\USER32.dll
0x00007ffc18290000 - 0x00007ffc182b7000 	C:\WINDOWS\System32\win32u.dll
0x00007ffbffb70000 - 0x00007ffbffe02000 	C:\WINDOWS\WinSxS\amd64_microsoft.windows.common-controls_6595b64144ccf1df_6.0.26100.8328_none_3e08182ce334b678\COMCTL32.dll
0x00007ffc1ac90000 - 0x00007ffc1acbb000 	C:\WINDOWS\System32\GDI32.dll
0x00007ffc1aed0000 - 0x00007ffc1af79000 	C:\WINDOWS\System32\msvcrt.dll
0x00007ffc17c10000 - 0x00007ffc17d3c000 	C:\WINDOWS\System32\gdi32full.dll
0x00007ffc18d30000 - 0x00007ffc18dd3000 	C:\WINDOWS\System32\msvcp_win.dll
0x00007ffc1ad80000 - 0x00007ffc1adb2000 	C:\WINDOWS\System32\IMM32.DLL
0x00007ffc024a0000 - 0x00007ffc024ac000 	C:\Program Files\Java\jdk-25.0.2\bin\vcruntime140_1.dll
0x00007ffb825e0000 - 0x00007ffb8266d000 	C:\Program Files\Java\jdk-25.0.2\bin\msvcp140.dll
0x00007ffb23730000 - 0x00007ffb2458f000 	C:\Program Files\Java\jdk-25.0.2\bin\server\jvm.dll
0x00007ffc19770000 - 0x00007ffc19826000 	C:\WINDOWS\System32\ADVAPI32.dll
0x00007ffc1af80000 - 0x00007ffc1b027000 	C:\WINDOWS\System32\sechost.dll
0x00007ffc19c40000 - 0x00007ffc19d58000 	C:\WINDOWS\System32\RPCRT4.dll
0x00007ffc18f60000 - 0x00007ffc18fe0000 	C:\WINDOWS\System32\WS2_32.dll
0x00007ffc17a70000 - 0x00007ffc17ace000 	C:\WINDOWS\SYSTEM32\POWRPROF.dll
0x00007ffc0bd50000 - 0x00007ffc0bd86000 	C:\WINDOWS\SYSTEM32\WINMM.dll
0x00007ffc0b8b0000 - 0x00007ffc0b8bb000 	C:\WINDOWS\SYSTEM32\VERSION.dll
0x00007ffc17a50000 - 0x00007ffc17a64000 	C:\WINDOWS\SYSTEM32\UMPDC.dll
0x00007ffc169a0000 - 0x00007ffc169bb000 	C:\WINDOWS\SYSTEM32\kernel.appcore.dll
0x00007ffbf93b0000 - 0x00007ffbf93ba000 	C:\Program Files\Java\jdk-25.0.2\bin\jimage.dll
0x00007ffc09470000 - 0x00007ffc096b2000 	C:\WINDOWS\SYSTEM32\DBGHELP.DLL
0x00007ffc1a7c0000 - 0x00007ffc1ab43000 	C:\WINDOWS\System32\combase.dll
0x00007ffc19d60000 - 0x00007ffc19e39000 	C:\WINDOWS\System32\OLEAUT32.dll
0x00007ffbfc550000 - 0x00007ffbfc58b000 	C:\WINDOWS\SYSTEM32\dbgcore.DLL
0x00007ffc18410000 - 0x00007ffc184b8000 	C:\WINDOWS\System32\bcryptPrimitives.dll
0x00007ffbe85f0000 - 0x00007ffbe860f000 	C:\Program Files\Java\jdk-25.0.2\bin\java.dll
0x00007ffc19e40000 - 0x00007ffc19fd7000 	C:\WINDOWS\System32\ole32.dll
0x00007ffc1a000000 - 0x00007ffc1a76e000 	C:\WINDOWS\System32\SHELL32.dll
0x00007ffc184c0000 - 0x00007ffc18d2c000 	C:\WINDOWS\System32\windows.storage.dll
0x00007ffc1adc0000 - 0x00007ffc1aeb6000 	C:\WINDOWS\System32\SHCORE.dll
0x00007ffc1ad10000 - 0x00007ffc1ad76000 	C:\WINDOWS\System32\shlwapi.dll
0x00007ffc17b30000 - 0x00007ffc17b59000 	C:\WINDOWS\SYSTEM32\profapi.dll
0x00007ffbe85d0000 - 0x00007ffbe85e2000 	C:\Program Files\Java\jdk-25.0.2\bin\net.dll
0x00007ffc16f10000 - 0x00007ffc16f7c000 	C:\WINDOWS\system32\mswsock.dll
0x00007ffbe8420000 - 0x00007ffbe8436000 	C:\Program Files\Java\jdk-25.0.2\bin\nio.dll
0x00007ffbe8400000 - 0x00007ffbe8417000 	C:\Program Files\Java\jdk-25.0.2\bin\zip.dll

JVMTI agents: none

dbghelp: loaded successfully - version: 4.0.5 - missing functions: none
symbol engine: initialized successfully - sym options: 0x614 - pdb path: .;C:\Program Files\Java\jdk-25.0.2\bin;C:\WINDOWS\SYSTEM32;C:\WINDOWS\WinSxS\amd64_microsoft.windows.common-controls_6595b64144ccf1df_6.0.26100.8328_none_3e08182ce334b678;C:\Program Files\Java\jdk-25.0.2\bin\server

VM Arguments:
jvm_args: -Xmx64m -Xms64m -Dorg.gradle.appname=gradlew 
java_command: D:\Code\DoAn\DATN\jPOS\\gradle\wrapper\gradle-wrapper.jar -p jpos installApp
java_class_path (initial): D:\Code\DoAn\DATN\jPOS\\gradle\wrapper\gradle-wrapper.jar
Launcher Type: SUN_STANDARD

[Global flags]
     intx CICompilerCount                          = 12                                        {product} {ergonomic}
     uint ConcGCThreads                            = 3                                         {product} {ergonomic}
     uint G1ConcRefinementThreads                  = 13                                        {product} {ergonomic}
   size_t G1HeapRegionSize                         = 1048576                                   {product} {ergonomic}
   size_t InitialHeapSize                          = 67108864                                  {product} {command line}
   size_t MarkStackSize                            = 4194304                                   {product} {ergonomic}
   size_t MarkStackSizeMax                         = 536870912                                 {product} {ergonomic}
   size_t MaxHeapSize                              = 67108864                                  {product} {command line}
   size_t MaxNewSize                               = 39845888                                  {product} {ergonomic}
   size_t MinHeapDeltaBytes                        = 1048576                                   {product} {ergonomic}
   size_t MinHeapSize                              = 67108864                                  {product} {command line}
    uintx NonNMethodCodeHeapSize                   = 7602176                                {pd product} {ergonomic}
    uintx NonProfiledCodeHeapSize                  = 122093568                              {pd product} {ergonomic}
    uintx ProfiledCodeHeapSize                     = 121962496                              {pd product} {ergonomic}
    uintx ReservedCodeCacheSize                    = 251658240                              {pd product} {ergonomic}
     bool SegmentedCodeCache                       = true                                      {product} {ergonomic}
   size_t SoftMaxHeapSize                          = 67108864                               {manageable} {ergonomic}
     bool UseCompressedOops                        = true                           {product lp64_product} {ergonomic}
     bool UseG1GC                                  = true                                      {product} {ergonomic}
     bool UseLargePagesIndividualAllocation        = false                                  {pd product} {ergonomic}

Logging:
Log output configuration:
 #0: stdout all=warning uptime,level,tags foldmultilines=false
 #1: stderr all=off uptime,level,tags foldmultilines=false

Release file:
IMPLEMENTOR="Oracle Corporation" 
JAVA_RUNTIME_VERSION="25.0.2+10-LTS-69" 
JAVA_VERSION="25.0.2" 
JAVA_VERSION_DATE="2026-01-20" 
LIBC="default" 
MODULES="java.base java.compiler java.datatransfer java.xml java.prefs java.desktop java.instrument java.logging java.management java.security.sasl java.naming java.rmi java.management.rmi java.net.http java.scripting java.security.jgss java.transaction.xa java.sql java.sql.rowset java.xml.crypto java.se java.smartcardio jdk.accessibility jdk.internal.jvmstat jdk.attach jdk.charsets jdk.internal.opt jdk.zipfs jdk.compiler jdk.crypto.cryptoki jdk.crypto.ec jdk.crypto.mscapi jdk.dynalink jdk.internal.ed jdk.editpad jdk.internal.vm.ci jdk.graal.compiler jdk.graal.compiler.management jdk.hotspot.agent jdk.httpserver jdk.incubator.vector jdk.internal.le jdk.internal.md jdk.jartool jdk.javadoc jdk.jcmd jdk.management jdk.management.agent jdk.jconsole jdk.jdeps jdk.jdwp.agent jdk.jdi jdk.jfr jdk.jlink jdk.jpackage jdk.jshell jdk.jsobject jdk.jstatd jdk.localedata jdk.management.jfr jdk.naming.dns jdk.naming.rmi jdk.net jdk.nio.mapmode jdk.sctp jdk.security.auth jdk.security.jgss jdk.unsupported jdk.unsupported.desktop jdk.xml.dom" 
OS_ARCH="x86_64" 
OS_NAME="Windows" 
SOURCE=".:git:b75efb40c93a open:git:405a5699ebd0" 

Environment Variables:
JAVA_HOME=C:\Program Files\Java\jdk-25.0.2
PATH=C:\Program Files\WindowsApps\Microsoft.WindowsTerminal_1.24.10921.0_x64__8wekyb3d8bbwe;C:\Program Files\Eclipse Adoptium\jdk-17.0.18.8-hotspot\bin;C:\Program Files\Common Files\Oracle\Java\javapath;C:\WINDOWS\system32;C:\WINDOWS;C:\WINDOWS\System32\Wbem;C:\WINDOWS\System32\WindowsPowerShell\v1.0\;C:\WINDOWS\System32\OpenSSH\;C:\Program Files\Git\cmd;C:\Program Files\nodejs\;C:\Users\Hoang\AppData\Local\Microsoft\WindowsApps;C:\Users\Hoang\AppData\Local\Programs\Microsoft VS Code\bin;C:\Users\Hoang\AppData\Roaming\npm;C:\DevTools\apache-maven-3.9.9\bin;C:\Program Files\Eclipse Adoptium\jdk-17.0.18.8-hotspot\\bin;C:\Program Files (x86)\Microsoft SQL Server\160\Tools\Binn\;C:\Program Files\Microsoft SQL Server\160\Tools\Binn\;C:\Program Files\Microsoft SQL Server\Client SDK\ODBC\170\Tools\Binn\;C:\Program Files\Microsoft SQL Server\160\DTS\Binn\;C:\Program Files\dotnet\;C:\WINDOWS\system32;C:\WINDOWS;C:\WINDOWS\System32\Wbem;C:\WINDOWS\System32\WindowsPowerShell\v1.0\;C:\WINDOWS\System32\OpenSSH\;D:\xampp\php;C:\ProgramData\ComposerSetup\bin;C:\Program Files\7-Zip\;C:\Strawberry\c\bin;C:\Strawberry\perl\site\bin;C:\Strawberry\perl\bin;C:\Users\Hoang\AppData\Local\Android\Sdk\platform-tools;C:\Users\Hoang\AppData\Local\Android\Sdk\emulator;C:\cloudflared;C:\php-8.4.13;C:\Program Files\Docker\Docker\resources\bin;C:\Program Files\Tailscale\;C:\Program Files\cursor\resources\app\bin;C:\Program Files\Java\jdk-25.0.2\bin;C:\Program Files\PowerShell\7\;C:\Program Files\Neovim\bin;C:\Program Files\PostgreSQL\18\bin;C:\Program Files\Java\jdk-25.0.2\bin;C:\Program Files\Eclipse Adoptium\jdk-17.0.18.8-hotspot\bin;C:\Program Files\Common Files\Oracle\Java\javapath;C:\WINDOWS\system32;C:\WINDOWS;C:\WINDOWS\System32\Wbem;C:\WINDOWS\System32\WindowsPowerShell\v1.0\;C:\WINDOWS\System32\OpenSSH\;C:\Program Files\Git\cmd;C:\Program Files\nodejs\;C:\Users\Hoang\AppData\Local\Microsoft\WindowsApps;C:\Users\Hoang\AppData\Local\Programs\Microsoft VS Code\bin;C:\Users\Hoang\AppData\Roaming\npm;C:\DevTools\apache-maven-3.9.9\bin;C:\Program Files\Eclipse Adoptium\jdk-17.0.18.8-hotspot\\bin;C:\Program Files (x86)\Microsoft SQL Server\160\Tools\Binn\;C:\Program Files\Microsoft SQL Server\160\Tools\Binn\;C:\Program Files\Microsoft SQL Server\Client SDK\ODBC\170\Tools\Binn\;C:\Program Files\Microsoft SQL Server\160\DTS\Binn\;C:\Program Files\dotnet\;C:\WINDOWS\system32;C:\WINDOWS;C:\WINDOWS\System32\Wbem;C:\WINDOWS\System32\WindowsPowerShell\v1.0\;C:\WINDOWS\System32\OpenSSH\;D:\xampp\php;C:\ProgramData\ComposerSetup\bin;C:\Program Files\7-Zip\;C:\Strawberry\c\bin;C:\Strawberry\perl\site\bin;C:\Strawberry\perl\bin;C:\Users\Hoang\AppData\Local\Android\Sdk\platform-tools;C:\Users\Hoang\AppData\Local\Android\Sdk\emulator;C:\cloudflared;C:\php-8.4.13;C:\Program Files\Docker\Docker\resources\bin;C:\Program Files\Tailscale\;C:\Program Files\cursor\resources\app\bin;C:\Program Files\Java\jdk-25.0.2\bin;C:\Program Files\PowerShell\7\;C:\Program Files\Java\jdk-25.0.2\bin;C:\Program Files\Eclipse Adoptium\jdk-17.0.18.8-hotspot\bin;C:\Program Files\Common Files\Oracle\Java\javapath;C:\WINDOWS\system32;C:\WINDOWS;C:\WINDOWS\System32\Wbem;C:\WINDOWS\System32\WindowsPowerShell\v1.0\;C:\WINDOWS\System32\OpenSSH\;C:\Program Files\Git\cmd;C:\Program Files\nodejs\;C:\Users\Hoang\AppData\Local\Microsoft\WindowsApps;C:\Users\Hoang\AppData\Local\Programs\Microsoft VS Code\bin;C:\Users\Hoang\AppData\Roaming\npm;C:\DevTools\apache-maven-3.9.9\bin;C:\Program Files\Eclipse Adoptium\jdk-17.0.18.8-hotspot\\bin;C:\Program Files (x86)\Microsoft SQL Server\160\Tools\Binn\;C:\Program Files\Microsoft SQL Server\160\Tools\Binn\;C:\Program Files\Microsoft SQL Server\Client SDK\ODBC\170\Tools\Binn\;C:\Program Files\Microsoft SQL Server\160\DTS\Binn\;C:\Program Files\dotnet\;C:\WINDOWS\system32;C:\WINDOWS;C:\WINDOWS\System32\Wbem;C:\WINDOWS\System32\WindowsPowerShell\v1.0\;C:\WINDOWS\System32\OpenSSH\;D:\xampp\php;C:\ProgramData\ComposerSetup\bin;C:\Program Files\7-Zip\;C:\Strawberry\c\bin;C:\Strawberry\perl\site\bin;C:\Strawberry\perl\bin;C:\Users\Hoang\AppData\Local\Android\Sdk\platform-tools;C:\Users\Hoang\AppData\Local\Android\Sdk\emulator;C:\cloudflared;C:\php-8.4.13;C:\Program Files\Docker\Docker\resources\bin;C:\Program Files\Tailscale\;C:\Program Files\cursor\resources\app\bin;C:\Program Files\Java\jdk-25.0.2\bin;C:\Program Files\PowerShell\7\;C:\Users\Hoang\.lmstudio\bin;C:\Users\Hoang\AppData\Local\Programs\Kiro\bin;C:\Users\Hoang\AppData\Local\Programs\Antigravity\bin;C:\Users\Hoang\AppData\Local\Programs\MiKTeX\miktex\bin\x64\;C:\Users\Hoang\AppData\Local\Programs\MiKTeX\miktex\bin\x64;C:\Users\Hoang\AppData\Local\Programs\MiKTeX\miktex\bin\x64;C:\Users\Hoang\AppData\Local\Programs\Warp\bin;C:\Users\Hoang\AppData\Local\Pandoc\
USERNAME=Hoang
OS=Windows_NT
PROCESSOR_IDENTIFIER=AMD64 Family 25 Model 68 Stepping 1, AuthenticAMD
TMP=C:\Users\Hoang\AppData\Local\Temp
TEMP=C:\Users\Hoang\AppData\Local\Temp




Compilation memory statistics disabled.

Periodic native trim disabled

---------------  S Y S T E M  ---------------

OS:
 Windows 11 , 64 bit Build 26100 (10.0.26100.8328)
OS uptime: 0 days 3:49 hours
Hyper-V role detected

CPU: total 16 (initial active 16) (16 cores per cpu, 2 threads per core) family 25 model 68 stepping 1 microcode 0xa404101, cx8, cmov, fxsr, ht, mmx, 3dnowpref, sse, sse2, sse3, ssse3, sse4a, sse4.1, sse4.2, popcnt, lzcnt, tsc, tscinvbit, avx, avx2, aes, clmul, bmi1, bmi2, adx, sha, fma, vzeroupper, clflush, clflushopt, clwb, hv, rdtscp, rdpid, f16c, cet_ss
Processor Information for the first 16 processors :
  Max Mhz: 3201, Current Mhz: 3201, Mhz Limit: 3201

Memory: 4k page, system-wide physical 15613M (1207M free)
TotalPageFile size 31548M (AvailPageFile size 171M)
current process WorkingSet (physical memory assigned to process): 50M, peak: 50M
current process commit charge ("private bytes"): 158M, peak: 159M

vm_info: Java HotSpot(TM) 64-Bit Server VM (25.0.2+10-LTS-69) for windows-amd64 JRE (25.0.2+10-LTS-69), built on 2025-12-18T11:36:35Z with MS VC++ 17.13 (VS2022)

END.
